<?xml version="1.0"?>
<patterndb version="3" pub_date="2011-03-30">
  <ruleset name="win2k8" id="e83c188b-a3b7-054f-b667-cc12434c4778">
    <rules>
      <rule provider="balabit" class="system" id="88205525-5995-ae4a-b8bc-02fa38375a10">
<!-- support: 2588 -->
        <patterns>
          <pattern>@ESTRING:user::@ Application Microsoft-Windows-CertificateServicesClient-CertEnroll: [Information] Certificate enrollment for Local system is successfully authenticated by policy server @ESTRING:serverid: @(EventID 65)</pattern>
        </patterns>
        <examples>
          <example>
            <test_message program="win2k8">sdf: Application Microsoft-Windows-CertificateServicesClient-CertEnroll: [Information] Certificate enrollment for Local system is successfully authenticated by policy server {617710B0-7A17-45EE-8CE7-2FB7E9502BC6} (EventID 65)</test_message>
          </example>
        </examples>
      </rule>
      <rule provider="balabit" class="system" id="91e384ca-234c-104a-aab4-4202787ecb57">
<!-- support: 2974 -->
        <patterns>
          <pattern>@ESTRING:user::@ System Microsoft-Windows-Service Control Manager: [Information] The @ESTRING:servicename:service entered@ the @ESTRING:state: state.@ (EventID 7036)</pattern>
        </patterns>
        <examples>
          <example>
            <test_message program="win2k8">sdf: System Microsoft-Windows-Service Control Manager: [Information] The Portable Device Enumerator Service service entered the stopped state. (EventID 7036)</test_message>
          </example>
        </examples>
      </rule>
      <rule provider="balabit" class="system" id="76cf249a-e309-b649-add5-cada5c30ee58">
<!-- support: 1293 -->
        <patterns>
          <pattern>@ESTRING:user::@ Application syslog-ng Agent: [Error] Failed to connect to the syslog server(s) @QSTRING:syslogserver:'@ (EventID 35)</pattern>
        </patterns>
        <examples>
          <example>
            <test_message program="win2k8">sdf: Application syslog-ng Agent: [Error] Failed to connect to the syslog server(s) 'mcs.balabit' (EventID 35)</test_message>
          </example>
        </examples>
      </rule>
      <rule provider="balabit" class="system" id="8ba174fc-c3aa-d945-aff1-924997c0d558">
<!-- support: 2606 -->
        <patterns>
          <pattern>@ESTRING:user::@ Security Microsoft Windows security auditing.: [Success Audit] Special privileges assigned to new logon.

Subject:
 Security ID:  @ESTRING:securityid:
@ Account Name:  @ESTRING:accountname:
@ Account Domain:  @ESTRING:logondomain:
@ Logon ID:  @ESTRING::
@
Privileges: @ESTRING:privileges: (@EventID 4672)</pattern>
        </patterns>
        <examples>
          <example>
            <test_message program="win2k8">sdf: Security Microsoft Windows security auditing.: [Success Audit] Special privileges assigned to new logon.

Subject:
 Security ID:  S-1-5-18
 Account Name:  WIN-SERVERDEMO$
 Account Domain:  SALESDEMO
 Logon ID:  0x1044a407

Privileges:  SeSecurityPrivilege
   SeBackupPrivilege
   SeRestorePrivilege
   SeTakeOwnershipPrivilege
   SeDebugPrivilege
   SeSystemEnvironmentPrivilege
   SeLoadDriverPrivilege
   SeImpersonatePrivilege
   SeEnableDelegationPrivilege (EventID 4672)</test_message>
          </example>
        </examples>
      </rule>
      <rule provider="balabit" class="system" id="a5920663-30ae-5846-a109-8b32af951fa9">
<!-- support: 1321 -->
        <patterns>
          <pattern>@ESTRING:user::@ Security Microsoft Windows security auditing.: [Success Audit] An account was successfully logged on.

Subject:
 Security ID:  @ESTRING:subjsecurityid:
@ Account Name:  @ESTRING:subjaccountname:
@ Account Domain:  @ESTRING:subjaccountdomain:
@ Logon ID:  @ESTRING:subjlogonid:
@
Logon Type:   @ESTRING:logontype:
@
New Logon:
 Security ID:  @ESTRING:securityid:
@ Account Name:  @ESTRING:accountname:
@ Account Domain:  @ESTRING:accountdomain:
@ Logon ID:  @ESTRING:logonid:
@ Logon GUID:  @ESTRING:logonguid:
@
Process Information:
 Process ID:  @ESTRING:pid:
@ Process Name:  @ESTRING:processname:
@
Network Information:
 Workstation Name: @ESTRING:workstationname:
@ Source Network Address: @ESTRING:clientip:
@ Source Port:  @ESTRING:clientport:
@
Detailed Authentication Information:
 Logon Process:  @ESTRING:logonprocess:
@ Authentication Package: @ESTRING:authpackage:
@ Transited Services: @ESTRING:transitedservices:
@ Package Name (NTLM only): @ESTRING:packagename:
@ Key Length:  @ESTRING:keylen:
@</pattern>
        </patterns>
        <examples>
          <example>
            <test_message program="win2k8">sdf: Security Microsoft Windows security auditing.: [Success Audit] An account was successfully logged on.

Subject:
 Security ID:  S-1-0-0
 Account Name:  -
 Account Domain:  -
 Logon ID:  0x0

Logon Type:   3

New Logon:
 Security ID:  S-1-5-18
 Account Name:  WIN-SERVERDEMO$
 Account Domain:  SALESDEMO
 Logon ID:  0x1044a407
 Logon GUID:  {2F8555C9-80DC-B5B7-C5CC-2170C7FF3546}

Process Information:
 Process ID:  0x0
 Process Name:  -

Network Information:
 Workstation Name: 
 Source Network Address: ::1
 Source Port:  57129

Detailed Authentication Information:
 Logon Process:  Kerberos
 Authentication Package: Kerberos
 Transited Services: -
 Package Name (NTLM only): -
 Key Length:  0

This event is generated when a logon session is created. It is generated on the computer that was accessed.

The subject fields indicate the account on the local system which requested the logon. This is most commonly a service such as the Server service, or a local process such as Winlogon.exe or Services.exe.

The logon type field indicates the kind of logon that occurred. The most common types are 2 (interactive) and 3 (network).

The New Logon fields indicate the account for whom the new logon was created, i.e. the account that was logged on.

The network fields indicate where a remote logon request originated. Workstation name is not always available and may be left blank in some cases.

The authentication information fields provide detailed information about this specific logon request.
 - Logon GUID is a unique identifier that can be used to correlate this event with a KDC event.
 - Transited services indicate which intermediate services have participated in this logon request.
 - Package name indicates which sub-protocol was used among the NTLM protocols.
 - Key length indicates the length of the generated session key. This will be 0 if no session key was requested. (EventID 4624)</test_message>
          </example>
        </examples>
      </rule>
      <rule provider="balabit" class="system" id="8edb1f84-6e5d-c04b-8174-e841f6551133">
<!-- support: 2973 -->
        <patterns>
          <pattern>@ESTRING:user::@ System Microsoft-Windows-GroupPolicy: [Information] The Group Policy settings for the computer were processed successfully. New settings from @NUMBER:policycount@ Group Policy objects were detected and applied. (EventID 1502)</pattern>
        </patterns>
        <examples>
          <example>
            <test_message program="win2k8">sdf: System Microsoft-Windows-GroupPolicy: [Information] The Group Policy settings for the computer were processed successfully. New settings from 3 Group Policy objects were detected and applied. (EventID 1502)</test_message>
          </example>
        </examples>
      </rule>
      <rule provider="balabit" class="system" id="66219f74-643f-3145-912e-fe671c93d43d">
<!-- support: 2604 -->
        <patterns>
          <pattern>@ESTRING:user::@ Security Microsoft Windows security auditing.: [Success Audit] An account was logged off.

Subject:
 Security ID:  @ESTRING:securityid:
@ Account Name:  @ESTRING:accountname:
@ Account Domain:  @ESTRING:accountdomain:
@ Logon ID:  @ESTRING:logonid:
@
Logon Type:   @ESTRING:logontype:
@
This event is generated when a logon session is destroyed. It may be positively correlated with a logon event using the Logon ID value. Logon IDs are only unique between reboots on the same computer. (EventID 4634)</pattern>
        </patterns>
        <examples>
          <example>
            <test_message program="win2k8">sdf: Security Microsoft Windows security auditing.: [Success Audit] An account was logged off.

Subject:
 Security ID:  S-1-5-18
 Account Name:  WIN-SERVERDEMO$
 Account Domain:  SALESDEMO
 Logon ID:  0x1044990b

Logon Type:   3

This event is generated when a logon session is destroyed. It may be positively correlated with a logon event using the Logon ID value. Logon IDs are only unique between reboots on the same computer. (EventID 4634)</test_message>
          </example>
        </examples>
      </rule>
      <rule provider="balabit" class="system" id="c7200ac9-43d1-2e45-84f3-824bd3c02ee0">
<!-- support: 2560 -->
        <patterns>
          <pattern>@ESTRING:user::@ Application SceCli: [Warning] Security policies were propagated with warning. @ESTRING:errornum: @: No mapping between account names and security IDs was done.</pattern>
        </patterns>
        <examples>
          <example>
            <test_message program="win2k8">sdf: Application SceCli: [Warning] Security policies were propagated with warning. 0x534 : No mapping between account names and security IDs was done.

Advanced help for this problem is available on http://support.microsoft.com. Query for "troubleshooting 1202 events". 

Error 0x534 occurs when a user account in one or more Group Policy objects (GPOs) could not be resolved to a SID.  This error is possibly caused by a mistyped or deleted user account referenced in either the User Rights or Restricted Groups branch of a GPO.  To resolve this event, contact an administrator in the domain to perform the following actions: 

1. Identify accounts that could not be resolved to a SID:

From the command prompt, type: FIND /I "Cannot find"  %SYSTEMROOT%\Security\Logs\winlogon.log

The string following "Cannot find" in the FIND output identifies the problem account names.

Example: Cannot find JohnDough.

In this case, the SID for username "JohnDough" could not be determined. This most likely occurs because the account was deleted, renamed, or is spelled differently (e.g. "JohnDoe"). 

2. Use RSoP to identify the specific User Rights, Restricted Groups, and Source GPOs that contain the problem accounts:

a. Start -&gt; Run -&gt; RSoP.msc
b. Review the results for Computer Configuration\Windows Settings\Security Settings\Local Policies\User Rights Assignment and Computer Configuration\Windows Settings\Security Settings\Local Policies\Restricted Groups for any errors flagged with a red X.
c. For any User Right or Restricted Group marked with a red X, the corresponding GPO that contains the problem policy setting is listed under the column entitled "Source GPO". Note the specific User Rights, Restricted Groups and containing Source GPOs that are generating errors. 

3. Remove unresolved accounts from Group Policy

a. Start -&gt; Run -&gt; MMC.EXE
b. From the File menu select "Add/Remove Snap-in..."
c. From the "Add/Remove Snap-in" dialog box select "Add..."
d. In the "Add Standalone Snap-in" dialog box select "Group Policy" and click "Add"
e. In the "Select Group Policy Object" dialog box click the "Browse" button.
f. On the "Browse for a Group Policy Object" dialog box choose the "All" tab
g. For each source GPO identified in step 2, correct the specific User Rights or Restricted Groups that were flagged with a red X in step 2. These User Rights or Restricted Groups can be corrected by removing or correcting any references to the problem accounts that were identified in step 1. (EventID 1202)</test_message>
          </example>
        </examples>
      </rule>
      <rule provider="balabit" class="system" id="f4179b43-fff2-eb49-a9c8-33f612febff8">
<!-- support: 2588 -->
        <patterns>
          <pattern>@ESTRING:user::@ Application Microsoft-Windows-CertificateServicesClient-CertEnroll: [Information] Certificate enrollment for Local system successfully load policy from policy server  (EventID 64)</pattern>
        </patterns>
        <examples>
          <example>
            <test_message program="win2k8">sdf: Application Microsoft-Windows-CertificateServicesClient-CertEnroll: [Information] Certificate enrollment for Local system successfully load policy from policy server  (EventID 64)</test_message>
          </example>
        </examples>
      </rule>
      <rule provider="balabit" class="system" id="842edb40-6aa6-724a-894c-84c2cf7de072">
<!-- support: 3021 -->
        <patterns>
          <pattern>@ESTRING:user::@ Security Microsoft Windows security auditing.: [Success Audit] A Kerberos service ticket was requested.

Account Information:
 Account Name:  @ESTRING:accountname:
@ Account Domain:  @ESTRING:accountdomain:
@ Logon GUID:  @ESTRING:logonguid:
@
Service Information:
 Service Name:  @ESTRING:servicename:
@ Service ID:  @ESTRING:serviceid:
@
Network Information:
 Client Address:  @ESTRING:clientip:
@ Client Port:  @ESTRING:clientport:
@
Additional Information:
 Ticket Options:  @ESTRING:ticketopts:
@ Ticket Encryption Type: @ESTRING:ticketenctype:
@ Failure Code:  @ESTRING:failurecode:
@ Transited Services: @ESTRING:transitedservices:
@
This event is generated every time access is requested to a resource such as a computer or a Windows service.  The service name indicates the resource to which access was requested.

This event can be correlated with Windows logon events by comparing the Logon GUID fields in each event.  The logon event occurs on the machine that was accessed, which is often a different machine than the domain controller which issued the service ticket.

Ticket options, encryption types, and failure codes are defined in RFC 4120. (EventID 4769)</pattern>
        </patterns>
        <examples>
          <example>
            <test_message program="win2k8">WIN-SERVERDEMO$@SALESDEMO.BALABIT: Security Microsoft Windows security auditing.: [Success Audit] A Kerberos service ticket was requested.

Account Information:
 Account Name:  WIN-SERVERDEMO$@SALESDEMO.BALABIT
 Account Domain:  SALESDEMO.BALABIT
 Logon GUID:  {FD363494-CD75-7037-B2D3-16F320410DFF}

Service Information:
 Service Name:  krbtgt
 Service ID:  S-1-5-21-1228487603-2826608939-3202854496-502

Network Information:
 Client Address:  ::1
 Client Port:  0

Additional Information:
 Ticket Options:  0x60810010
 Ticket Encryption Type: 0x17
 Failure Code:  0x0
 Transited Services: -

This event is generated every time access is requested to a resource such as a computer or a Windows service.  The service name indicates the resource to which access was requested.

This event can be correlated with Windows logon events by comparing the Logon GUID fields in each event.  The logon event occurs on the machine that was accessed, which is often a different machine than the domain controller which issued the service ticket.

Ticket options, encryption types, and failure codes are defined in RFC 4120. (EventID 4769)</test_message>
          </example>
        </examples>
      </rule>
      <rule provider="balabit" class="system" id="6ec9f4d4-9c85-384c-a398-e68c1c3599eb">
<!-- support: 4047 -->
        <patterns>
          <pattern>@ESTRING:user::@ Security Microsoft Windows security auditing.: [Success Audit] A logon was attempted using explicit credentials.

Subject:
 Security ID:  @ESTRING:subjsecurityid:
@ Account Name:  @ESTRING:subjaccountname:
@ Account Domain:  @ESTRING:subjaccountdomain:
@ Logon ID:  @ESTRING:subjlogonid:
@ Logon GUID:  @ESTRING:subjlogonguid:
@
Account Whose Credentials Were Used:
 Account Name:  @ESTRING:accountname:
@ Account Domain:  @ESTRING:accountdomain:
@ Logon GUID:  @ESTRING:logonguid:
@
Target Server:
 Target Server Name: @ESTRING:targetname:
@ Additional Information: @ESTRING:targetaddinfo:
@
Process Information:
 Process ID:  @ESTRING:pid:
@ Process Name:  @ESTRING:processname:
@
Network Information:
 Network Address: @ESTRING:clientip:
@ Port:   @ESTRING:clientport:
@
This event is generated when a process attempts to log on an account by explicitly specifying that account&#x2019;s credentials.  This most commonly occurs in batch-type configurations such as scheduled tasks, or when using the RUNAS command. (EventID 4648)</pattern>
        </patterns>
        <examples>
          <example>
            <test_message program="win2k8">WIN-SERVERDEMO$: Security Microsoft Windows security auditing.: [Success Audit] A logon was attempted using explicit credentials.

Subject:
 Security ID:  S-1-5-18
 Account Name:  WIN-SERVERDEMO$
 Account Domain:  SALESDEMO
 Logon ID:  0x3e7
 Logon GUID:  {00000000-0000-0000-0000-000000000000}

Account Whose Credentials Were Used:
 Account Name:  WIN-SERVERDEMO$
 Account Domain:  SALESDEMO.BALABIT
 Logon GUID:  {8D25C799-287E-63DC-CECA-B92699F8BC9B}

Target Server:
 Target Server Name: win-serverdemo$
 Additional Information: win-serverdemo$

Process Information:
 Process ID:  0x30c
 Process Name:  C:\Windows\System32\taskhost.exe

Network Information:
 Network Address: -
 Port:   -

This event is generated when a process attempts to log on an account by explicitly specifying that account&#x2019;s credentials.  This most commonly occurs in batch-type configurations such as scheduled tasks, or when using the RUNAS command. (EventID 4648)</test_message>
          </example>
        </examples>
      </rule>
      <rule provider="balabit" class="system" id="a9b0870e-451a-af49-a38a-dcaca6621594">
<!-- support: 4049 -->
        <patterns>
          <pattern>@ESTRING:user::@ Security Microsoft Windows security auditing.: [Success Audit] A Kerberos authentication ticket (TGT) was requested.

Account Information:
 Account Name:  @ESTRING:accountname:
@ Supplied Realm Name: @ESTRING:realm:
@ User ID:   @ESTRING:userid:
@
Service Information:
 Service Name:  @ESTRING:servicename:
@ Service ID:  @ESTRING:serviceid:
@
Network Information:
 Client Address:  @ESTRING:clientip:
@ Client Port:  @ESTRING:clientport:
@
Additional Information:
 Ticket Options:  @ESTRING:ticketopts:
@ Result Code:  @ESTRING:resultcode:
@ Ticket Encryption Type: @ESTRING:ticketenctype:
@ Pre-Authentication Type: @ESTRING:preauthtype:
@
Certificate Information:
 Certificate Issuer Name: @ESTRING:certissuer:
@ Certificate Serial Number: @ESTRING:certserial:
@ Certificate Thumbprint: @ESTRING:certthumbprint:
@
Certificate information is only provided if a certificate was used for pre-authentication.

Pre-authentication types, ticket options, encryption types and result codes are defined in RFC 4120. (EventID 4768)</pattern>
        </patterns>
        <examples>
          <example>
            <test_message program="win2k8">WIN-SERVERDEMO$: Security Microsoft Windows security auditing.: [Success Audit] A Kerberos authentication ticket (TGT) was requested.

Account Information:
 Account Name:  WIN-SERVERDEMO$
 Supplied Realm Name: SALESDEMO.BALABIT
 User ID:   S-1-5-21-1228487603-2826608939-3202854496-1002

Service Information:
 Service Name:  krbtgt
 Service ID:  S-1-5-21-1228487603-2826608939-3202854496-502

Network Information:
 Client Address:  ::1
 Client Port:  0

Additional Information:
 Ticket Options:  0x40810010
 Result Code:  0x0
 Ticket Encryption Type: 0x17
 Pre-Authentication Type: 2

Certificate Information:
 Certificate Issuer Name:  
 Certificate Serial Number: 
 Certificate Thumbprint:  

Certificate information is only provided if a certificate was used for pre-authentication.

Pre-authentication types, ticket options, encryption types and result codes are defined in RFC 4120. (EventID 4768)</test_message>
          </example>
        </examples>
      </rule>
      <rule provider="balabit" class="system" id="9524a0f0-bc23-d14a-bfbb-435e8732e81d">
<!-- support: 30 -->
        <patterns>
          <pattern>@ESTRING:user::@ System Microsoft-Windows-TerminalServices-RemoteConnectionManager: [Warning] The Remote Desktop Session Host server could not contact the Remote Desktop license server @ESTRING:licenseserver:. @Ensure that the Remote Desktop Licensing service is running on the license server, that the license server is accepting network requests, and that the license server is registered in WINS and DNS. (EventID 1131)</pattern>
        </patterns>
        <examples>
          <example>
            <test_message program="win2k8">: System Microsoft-Windows-TerminalServices-RemoteConnectionManager: [Warning] The Remote Desktop Session Host server could not contact the Remote Desktop license server 10.100.20.32. Ensure that the Remote Desktop Licensing service is running on the license server, that the license server is accepting network requests, and that the license server is registered in WINS and DNS. (EventID 1131)</test_message>
          </example>
        </examples>
      </rule>
      <rule provider="balabit" class="system" id="c2d20729-2588-fe4e-b4b3-2592a6c5f188">
<!-- support: 26 -->
        <patterns>
          <pattern>@ESTRING:user::@ Security Microsoft Windows security auditing.: [Success Audit] The computer attempted to validate the credentials for an account.

Authentication Package: @ESTRING:authpackage:
@Logon Account: @ESTRING:logonaccount:
@Source Workstation: @ESTRING:clienthost:
@Error Code: @ESTRING:errorcode: (@EventID 4776)</pattern>
        </patterns>
        <examples>
          <example>
            <test_message program="win2k8">major: Security Microsoft Windows security auditing.: [Success Audit] The computer attempted to validate the credentials for an account.

Authentication Package: MICROSOFT_AUTHENTICATION_PACKAGE_V1_0
Logon Account: major
Source Workstation: \\scbdemo
Error Code: 0x0 (EventID 4776)</test_message>
          </example>
        </examples>
      </rule>
      <rule provider="balabit" class="system" id="b780043d-999c-d54f-bc4f-3699bd495e19">
<!-- support: 83 -->
        <patterns>
          <pattern>@ESTRING:user::@ System KDC: [Warning] The Key Distribution Center (KDC) cannot find a suitable certificate to use for smart card logons, or the KDC certificate could not be verified. Smart card logon may not function correctly if this problem is not resolved. To correct this problem, either verify the existing KDC certificate using certutil.exe or enroll for a new KDC certificate. (EventID 29)</pattern>
        </patterns>
        <examples>
          <example>
            <test_message program="win2k8">: System KDC: [Warning] The Key Distribution Center (KDC) cannot find a suitable certificate to use for smart card logons, or the KDC certificate could not be verified. Smart card logon may not function correctly if this problem is not resolved. To correct this problem, either verify the existing KDC certificate using certutil.exe or enroll for a new KDC certificate. (EventID 29)</test_message>
          </example>
        </examples>
      </rule>
      <rule provider="balabit" class="system" id="78a3dd54-f5bf-ab46-8e6c-585cb940e3ff">
<!-- support: 34 -->
        <patterns>
          <pattern>@ESTRING:user::@ Security Microsoft Windows security auditing.: [Success Audit] A Kerberos service ticket was renewed.

Account Information:
 Account Name:  @ESTRING:accountname:
@ Account Domain:  @ESTRING:accountdomain:
@
Service Information:
 Service Name:  @ESTRING:servicename:
@ Service ID:  @ESTRING:serviceid:
@
Network Information:
 Client Address:  @ESTRING:clientip:
@ Client Port:  @ESTRING:clientport:
@
Additional Information:
 Ticket Options:  @ESTRING:ticketopts:
@ Ticket Encryption Type: @ESTRING:ticketenctype:
@
Ticket options and encryption types are defined in RFC 4120. (EventID 4770)</pattern>
        </patterns>
        <examples>
          <example>
            <test_message program="win2k8">WIN-SERVERDEMO$@SALESDEMO.BALABIT: Security Microsoft Windows security auditing.: [Success Audit] A Kerberos service ticket was renewed.

Account Information:
 Account Name:  WIN-SERVERDEMO$@SALESDEMO.BALABIT
 Account Domain:  SALESDEMO.BALABIT

Service Information:
 Service Name:  krbtgt
 Service ID:  S-1-5-21-1228487603-2826608939-3202854496-502

Network Information:
 Client Address:  ::1
 Client Port:  0

Additional Information:
 Ticket Options:  0x2
 Ticket Encryption Type: 0x17

Ticket options and encryption types are defined in RFC 4120. (EventID 4770)</test_message>
          </example>
        </examples>
      </rule>
      <rule provider="balabit" class="system" id="a26867ce-b6d2-cf41-b825-f96b1cae195a">
<!-- support: 50 -->
        <patterns>
          <pattern>@ESTRING:user::@ System Microsoft-Windows-Service Control Manager: [Information] The start type of the @ESTRING:service: service@ was changed from @ESTRING:origstarttype: to@ @ESTRING:newstarttype:.@ (EventID 7040)</pattern>
        </patterns>
        <examples>
          <example>
            <test_message program="win2k8">NT AUTHORITY\SYSTEM: System Microsoft-Windows-Service Control Manager: [Information] The start type of the Windows Modules Installer service was changed from auto start to demand start. (EventID 7040)</test_message>
          </example>
        </examples>
      </rule>
      <rule provider="balabit" class="system" id="d28e2fd7-bc59-3248-b134-40848da48345">
<!-- support: 39 -->
        <patterns>
          <pattern>@ESTRING:user::@ System Microsoft-Windows-Winlogon: [Information] User @ESTRING:actiontype: @Notification for Customer Experience Improvement Program (EventID </pattern>
        </patterns>
        <examples>
          <example>
            <test_message program="win2k8">NT AUTHORITY\SYSTEM: System Microsoft-Windows-Winlogon: [Information] User Logon Notification for Customer Experience Improvement Program (EventID 7001)</test_message>
          </example>
        </examples>
      </rule>
      <rule provider="balabit" class="system" id="7f0d9310-9010-af46-8ce1-4fca0574aab6">
<!-- support: 34 -->
        <patterns>
          <pattern>@ESTRING:user::@ System EventLog: [Information] The system uptime is @ESTRING:uptime: @seconds. (EventID 6013)</pattern>
        </patterns>
        <examples>
          <example>
            <test_message program="win2k8">: System EventLog: [Information] The system uptime is 3524285 seconds. (EventID 6013)</test_message>
          </example>
        </examples>
      </rule>
      <rule provider="balabit" class="system" id="7c11f2fb-ec48-2a4b-8c3c-64f33ccad44d">
<!-- support: 169 -->
        <patterns>
          <pattern>@ESTRING:user::@ Security Microsoft Windows security auditing.: [Success Audit] An operation was performed on an object.

Subject :
 Security ID:  @ESTRING:subjsecurityid:
@ Account Name:  @ESTRING:subjaccountname:
@ Account Domain:  @ESTRING:subjaccountdomain:
@ Logon ID:  @ESTRING:subjlogonid:
@
Object:
 Object Server:  @ESTRING:objectserver:
@ Object Type:  @ESTRING:objecttype:
@ Object Name:  @ESTRING:objectname:
@ Handle ID:  @ESTRING:handleid:
@
Operation:
 Operation Type:  @ESTRING:operation:
@ Accesses:  @ESTRING:accesses:
@    
 Access Mask:  @ESTRING:accessmask:
@ Properties:  @ESTRING:properties:

@
Additional Information:
 Parameter 1:  @ESTRING:param1:
@ Parameter 2:  @ESTRING:param2: @(EventID 4662)</pattern>
        </patterns>
        <examples>
          <example>
            <test_message program="win2k8">: Security Microsoft Windows security auditing.: [Success Audit] An operation was performed on an object.

Subject :
 Security ID:  S-1-5-18
 Account Name:  WIN-SERVERDEMO$
 Account Domain:  SALESDEMO
 Logon ID:  0x3cbfb

Object:
 Object Server:  DS
 Object Type:  %{19195a5b-6da0-11d0-afd3-00c04fd930c9}
 Object Name:  %{617710b0-7a17-45ee-8ce7-2fb7e9502bc6}
 Handle ID:  0x0

Operation:
 Operation Type:  Object Access
 Accesses:  Control Access
    
 Access Mask:  0x100
 Properties:  Control Access
  {1131f6aa-9c07-11d1-f79f-00c04fc2dcd2}
 {19195a5b-6da0-11d0-afd3-00c04fd930c9}


Additional Information:
 Parameter 1:  -
 Parameter 2:   (EventID 4662)</test_message>
          </example>
        </examples>
      </rule>
      <rule provider="balabit" class="system" id="3365b066-a32c-5740-b36b-dbff2d0e18df">
<!-- support: 4 -->
        <patterns>
          <pattern>@ESTRING:user::@ Security Microsoft Windows security auditing.: [Success Audit] A computer account was changed.

Subject:
 Security ID:  S-1-5-7
 Account Name:  ANONYMOUS LOGON
 Account Domain:  NT AUTHORITY
 Logon ID:  0x3e6

Computer Account That Was Changed:
 Security ID:  @ESTRING:: @Account Name:  @ESTRING:: @Account Domain:  SALESDEMO

Changed Attributes:
 SAM Account Name: -
 Display Name:  -
 User Principal Name: -
 Home Directory:  -
 Home Drive:  -
 Script Path:  -
 Profile Path:  -
 User Workstations: -
 Password Last Set: @ESTRING:: @@ESTRING:: @Account Expires:  -
 Primary Group ID: -
 AllowedToDelegateTo: -
 Old UAC Value:  -
 New UAC Value:  -
 User Account Control: -
 User Parameters: -
 SID History:  -
 Logon Hours:  -
 DNS Host Name:  -
 Service Principal Names: -

Additional Information:
 Privileges:  - (EventID 4742)</pattern>
        </patterns>
        <examples>
          <example>
            <test_message program="win2k8">scbdemo$: Security Microsoft Windows security auditing.: [Success Audit] A computer account was changed.

Subject:
 Security ID:  S-1-5-7
 Account Name:  ANONYMOUS LOGON
 Account Domain:  NT AUTHORITY
 Logon ID:  0x3e6

Computer Account That Was Changed:
 Security ID:  S-1-5-21-1228487603-2826608939-3202854496-1133
 Account Name:  scbdemo$
 Account Domain:  SALESDEMO

Changed Attributes:
 SAM Account Name: -
 Display Name:  -
 User Principal Name: -
 Home Directory:  -
 Home Drive:  -
 Script Path:  -
 Profile Path:  -
 User Workstations: -
 Password Last Set: 2011.03.21. 14:07:57
 Account Expires:  -
 Primary Group ID: -
 AllowedToDelegateTo: -
 Old UAC Value:  -
 New UAC Value:  -
 User Account Control: -
 User Parameters: -
 SID History:  -
 Logon Hours:  -
 DNS Host Name:  -
 Service Principal Names: -

Additional Information:
 Privileges:  - (EventID 4742)</test_message>
          </example>
        </examples>
      </rule>
      <rule provider="balabit" class="system" id="896efc9a-d62a-0b4e-a7f4-4d1a5ff6b2d7">
<!-- support: 4 -->
        <patterns>
          <pattern>@ESTRING:user::@ Application syslog-ng Agent: [Information] Application terminated (EventID 2)</pattern>
        </patterns>
        <examples>
          <example>
            <test_message program="win2k8">NT AUTHORITY\SYSTEM: Application syslog-ng Agent: [Information] Application terminated (EventID 2)</test_message>
          </example>
        </examples>
      </rule>
      <rule provider="balabit" class="system" id="1821c225-73b8-7248-88b3-4e1102eba609">
<!-- support: 4 -->
        <patterns>
          <pattern>@ESTRING:user::@ Security Microsoft Windows security auditing.: [Success Audit] User initiated logoff:

Subject:
 Security ID:  @ESTRING:securityid:
@ Account Name:  @ESTRING:accountname:
@ Account Domain:  @ESTRING:accountdomain:
@ Logon ID: @ESTRING:logonid:
@
This event is generated when a logoff is initiated. No further user-initiated activity can occur. This event can be interpreted as a logoff event. (EventID 4647)</pattern>
        </patterns>
        <examples>
          <example>
            <test_message program="win2k8">Administrator: Security Microsoft Windows security auditing.: [Success Audit] User initiated logoff:

